\BOOKMARK [1][-]{section.1}{\376\377\000I\000n\000t\000r\000o\000d\000u\000c\000t\000i\000o\000n\000\040}{}% 1
\BOOKMARK [1][-]{section.2}{\376\377\000T\000h\000e\000\040\000M\000o\000d\000e\000l}{}% 2
\BOOKMARK [1][-]{section.3}{\376\377\000D\000a\000t\000a}{}% 3
\BOOKMARK [1][-]{section.4}{\376\377\000E\000s\000t\000i\000m\000a\000t\000i\000o\000n}{}% 4
\BOOKMARK [2][-]{subsection.4.1}{\376\377\000C\000a\000l\000i\000b\000r\000a\000t\000i\000o\000n\000\040\000a\000n\000d\000\040\000P\000r\000i\000o\000r\000s}{section.4}% 5
\BOOKMARK [2][-]{subsection.4.2}{\376\377\000P\000o\000s\000t\000e\000r\000i\000o\000r\000\040\000E\000s\000t\000i\000m\000a\000t\000i\000o\000n}{section.4}% 6
\BOOKMARK [2][-]{subsection.4.3}{\376\377\000M\000C\000M\000C\000\040\000a\000c\000c\000e\000p\000t\000a\000n\000c\000e\000\040\000r\000a\000t\000i\000o}{section.4}% 7
\BOOKMARK [2][-]{subsection.4.4}{\376\377\000B\000l\000a\000n\000c\000h\000a\000r\000d\000-\000K\000h\000a\000n\000\040\000S\000t\000a\000b\000i\000l\000i\000t\000y\000\040\000C\000o\000n\000d\000i\000t\000i\000o\000n\000s}{section.4}% 8
\BOOKMARK [2][-]{subsection.4.5}{\376\377\000B\000a\000y\000e\000s\000i\000a\000n\000\040\000I\000m\000p\000u\000l\000s\000e\000\040\000R\000e\000s\000p\000o\000n\000s\000e\000\040\000f\000u\000n\000c\000t\000i\000o\000n\000s}{section.4}% 9
\BOOKMARK [3][-]{subsubsection.4.5.1}{\376\377\000P\000r\000e\000f\000e\000r\000e\000n\000c\000e\000\040\000S\000h\000o\000c\000k}{subsection.4.5}% 10
\BOOKMARK [3][-]{subsubsection.4.5.2}{\376\377\000P\000r\000o\000d\000u\000c\000t\000i\000v\000i\000t\000y\000\040\000S\000h\000o\000c\000k\000\040\000\050\000z\000\051}{subsection.4.5}% 11
\BOOKMARK [3][-]{subsubsection.4.5.3}{\376\377\000M\000o\000n\000e\000y\000\040\000D\000e\000m\000a\000n\000d\000\040\000S\000h\000o\000c\000k\000\040\000\050\000u\000\051}{subsection.4.5}% 12
\BOOKMARK [3][-]{subsubsection.4.5.4}{\376\377\000C\000o\000s\000t\000\040\000P\000u\000s\000h\000\040\000S\000h\000o\000c\000k\000\040\000\050\000e\000\051}{subsection.4.5}% 13
\BOOKMARK [1][-]{section.5}{\376\377\000E\000v\000a\000u\000l\000a\000t\000i\000o\000n}{}% 14
\BOOKMARK [2][-]{subsection.5.1}{\376\377\000M\000o\000d\000e\000\040\000P\000l\000o\000t\000s}{section.5}% 15
\BOOKMARK [2][-]{subsection.5.2}{\376\377\000M\000o\000n\000t\000e\000\040\000C\000a\000r\000l\000o\000\040\000M\000a\000r\000k\000o\000v\000\040\000C\000h\000a\000i\000n\000\040\000u\000n\000i\000v\000a\000r\000i\000a\000t\000e\000\040\000d\000i\000a\000g\000n\000o\000s\000t\000i\000c\000s}{section.5}% 16
\BOOKMARK [2][-]{subsection.5.3}{\376\377\000P\000r\000i\000o\000r\000-\000P\000o\000s\000t\000e\000r\000i\000o\000r\000\040\000P\000l\000o\000t}{section.5}% 17
\BOOKMARK [2][-]{subsection.5.4}{\376\377\000S\000m\000o\000o\000t\000h\000e\000d\000\040\000S\000h\000o\000c\000k\000s}{section.5}% 18
\BOOKMARK [2][-]{subsection.5.5}{\376\377\000H\000i\000s\000t\000o\000r\000i\000c\000a\000l\000\040\000a\000n\000d\000\040\000S\000m\000o\000o\000t\000h\000\040\000V\000a\000r\000i\000a\000b\000l\000e\000s}{section.5}% 19
\BOOKMARK [2][-]{subsection.5.6}{\376\377\000V\000a\000r\000i\000a\000n\000c\000e\000\040\000D\000e\000c\000o\000m\000p\000o\000s\000i\000t\000i\000o\000n}{section.5}% 20
\BOOKMARK [2][-]{subsection.5.7}{\376\377\000F\000o\000r\000e\000c\000a\000s\000t\000i\000n\000g}{section.5}% 21
\BOOKMARK [1][-]{section.6}{\376\377\000C\000o\000n\000c\000l\000u\000s\000i\000o\000n}{}% 22
\BOOKMARK [1][-]{section*.37}{\376\377\000R\000e\000f\000e\000r\000e\000n\000c\000e\000s}{}% 23
\BOOKMARK [1][-]{section*.38}{\376\377\000A\000p\000p\000e\000n\000d\000i\000x}{}% 24
\BOOKMARK [2][-]{section*.39}{\376\377\000A\000p\000p\000e\000n\000d\000i\000x\000\040\000A}{section*.38}% 25
